[INFO ] 2022-11-22 19:01:00.447 [main] Log - Yaz?l?m Test Otomasyonu - BTK Akademi
https://www.btkakademi.gov.tr ? portal ? course ? yazil...
E?itim Özeti Yaz?l?m Testi ve Test Otomasyonu Nedir? Test Sürec ve Test süreci içinde Otomasyon Nerededir? Analiz - Fizibilite Çal??mas?, Test Otomasyonu ...
[INFO ] 2022-11-22 19:01:00.482 [main] Log - Kullan?c?lar bunlar? da sordu
Yaz?l?m testleri nedir?

Yaz?l?m tester nas?l olunur?

Yaz?l?m test türleri nelerdir?

Yaz?l?m Test seviyeleri nedir?

Geri bildirim
[INFO ] 2022-11-22 19:01:00.501 [main] Log - Yaz?l?m Testi ve Test Süreçleri - ?TÜ Bilgi ??lem Daire Ba?kanl???
https://bidb.itu.edu.tr ? seyir-defteri ? blog ? 2013/09/08
8 Eyl 2013 ? Yaz?l?m testi ise bir yaz?l?m?n sonsuz say?daki çal??ma alan?ndan, s?n?rl? say?da ve uygun ?ekilde seçilmi? testler ile beklenen ...
[INFO ] 2022-11-22 19:01:00.520 [main] Log - Yaz?l?m Testi Nedir? Test Sürecinde Yaz?l?m Test Ya?am ...
https://medium.com ? kuka-mobile-tech ? yaz?l?m-testi-...
25 Ara 2020 ? Yaz?l?m testi, geli?tirilen yaz?l?m?n belirtilen gereksinimleri kar??lay?p kar??lamad???n? bulmak amac?yla bir yaz?l?m uygulamas?n?n ...
[INFO ] 2022-11-22 19:01:00.540 [main] Log - Yaz?l?m testi - Vikipedi
https://tr.wikipedia.org ? wiki ? Yaz?l?m_testi
Yaz?l?m testi(Software testing) test alt?nda hizmetlerin veya ürünlerin kalitesi hakk?nda payda?lara bilgi sa?lamak için yürütülen bir ara?t?rmad?r, yaz?l?m ...
[INFO ] 2022-11-22 19:01:00.560 [main] Log - Yaz?l?m Test Teknikleri - Nerede Nas?l Kullan?l?r?
https://www.arakatman.com ? Yaz?l?m Testi
Yaz?l?m Test Teknikleri (Amaca Göre Test Seviyeleri) · Kurulum Testi (Installation Testing) · Alfa & Beta Testi (Alpha & Beta Testing) · Uygunluk Testi ( ...
Yaz?l?m Test Teknikleri (Amaca... · Performans Testi... · Regresyon/Gerileme Testi...
[INFO ] 2022-11-22 19:01:00.579 [main] Log - 50 Soruda Yaz?l?m Testi | Keytorc
https://keytorc.com ? 50_soruda_yazilim_testi
PDF
B?R?M TEST? NED?R? (Unit Testing). Yaz?l?m? olu?turan bile?enlerin tek ba??na test edilmesi. Örne?in fonksiyon, prosedür, obje.
52 sayfa
[INFO ] 2022-11-22 19:01:00.599 [main] Log - Yaz?l?m Testi Nedir? - Startup Nedir?
https://www.startupnedir.com ? ... ? Yaz?l?m Testi
16 Eki 2017 ? Yaz?l?m testi, bir yaz?l?m?n, kendisinden beklenen özellikleri kar??lay?p kar??layamad???n? incelemek amac?yla yap?lan i?lemlerdir. Bu ?ekilde ...
[INFO ] 2022-11-22 19:01:00.618 [main] Log - YAZILIM TEST? - AVES?S
https://avesis.yildiz.edu.tr ? downloadfile ? fakgun
PDF
Testin amac?, yaz?l?mda hatalar?n oldu?unu göstermektir; yaz?l?mda hata kalmad???n? ispatlamak de?ildir. 2. Yaz?l?m? %100 test etmek imkans?zd?r.
[INFO ] 2022-11-22 19:01:00.643 [main] Log - SOFTWARE TEST?NG NED?R? - LinkedIn
https://tr.linkedin.com ? pulse ? software-testing-nedir-raf...
5 Oca 2022 ? Yaz?l?m testi; yaz?l?m geli?tirme ya?am döngüsünün ba?lang?c?nda belirlenen gereksinimlerin kar??lanma derecesini kontrol eden aktiviteler ...

Yaz?l?m Test Teknikleri - ?leri Seviye Testler - LinkedIn
https://tr.linkedin.com ? pulse ? yaz?l?m-test-teknikleri-iler...
7 Oca 2021 ? Negatif Test Negatif testler yaz?l?m?n çal??mad??? noktalar? göstermeyi amaçlar. Test esnas?nda olumlu sonuç verecek veriler yerine olumsuz ...
